<?xml version="1.0" encoding="UTF-8"?>
<!-- Generated by org.testng.reporters.JUnitReportReporter -->
<testsuite hostname="Saba" failures="0" tests="1" name="AddToCart.DWS_Add_Product_Into_Cart_07" time="7.223" errors="0" timestamp="2023-11-02T21:19:36 IST" skipped="0">
  <testcase classname="AddToCart.DWS_Add_Product_Into_Cart_07" name="addToCart" time="7.223"/>
  <system-out/>
</testsuite> <!-- AddToCart.DWS_Add_Product_Into_Cart_07 -->
