<?xml version="1.0" encoding="UTF-8"?>
<!-- Generated by org.testng.reporters.JUnitReportReporter -->
<testsuite hostname="Saba" failures="0" tests="1" name="compareProduct.DWS_RemoveProductFromCompareList_06" time="25.562" errors="0" timestamp="2023-11-02T18:50:34 IST" skipped="0">
  <testcase classname="compareProduct.DWS_RemoveProductFromCompareList_06" name="Remove_Product_FRom_CompareList" time="25.562"/>
  <system-out/>
</testsuite> <!-- compareProduct.DWS_RemoveProductFromCompareList_06 -->
