<?xml version="1.0" encoding="UTF-8"?>
<!-- Generated by org.testng.reporters.JUnitReportReporter -->
<testsuite hostname="Saba" failures="0" tests="1" name="SignUp.DWS_Reister_02_Test" time="4.044" errors="0" timestamp="2023-11-02T14:46:23 IST" skipped="0">
  <testcase classname="SignUp.DWS_Reister_02_Test" name="register_to_the_application" time="4.044"/>
  <system-out/>
</testsuite> <!-- SignUp.DWS_Reister_02_Test -->
