<?xml version="1.0" encoding="UTF-8"?>
<!-- Generated by org.testng.reporters.JUnitReportReporter -->
<testsuite hostname="Saba" failures="0" tests="4" name="frameWorkCheck.ExcelUtilityCheck" time="0.028" errors="0" timestamp="2023-10-27T14:09:33 IST" skipped="0">
  <testcase classname="frameWorkCheck.ExcelUtilityCheck" name="read" time="0.019"/>
  <system-out/>
  <testcase classname="frameWorkCheck.ExcelUtilityCheck" name="read" time="0.003"/>
  <system-out/>
  <testcase classname="frameWorkCheck.ExcelUtilityCheck" name="read" time="0.003"/>
  <system-out/>
  <testcase classname="frameWorkCheck.ExcelUtilityCheck" name="read" time="0.003"/>
  <system-out/>
</testsuite> <!-- frameWorkCheck.ExcelUtilityCheck -->
