<?xml version="1.0" encoding="UTF-8"?>
<!-- Generated by org.testng.reporters.JUnitReportReporter -->
<testsuite hostname="Saba" failures="0" tests="1" name="compareProduct.DWS_ComparingPrice_04" time="21.589" errors="0" timestamp="2023-11-02T12:19:01 IST" skipped="0">
  <testcase classname="compareProduct.DWS_ComparingPrice_04" name="Demo_Test_Case_To_Comparing_price" time="21.589"/>
  <system-out/>
</testsuite> <!-- compareProduct.DWS_ComparingPrice_04 -->
