<?xml version="1.0" encoding="UTF-8"?>
<!-- Generated by org.testng.reporters.JUnitReportReporter -->
<testsuite hostname="Saba" failures="0" tests="1" name="AddToCart.DWS_Remove_Product_From_Cart_07_Test" time="5.237" errors="0" timestamp="2023-11-08T12:26:29 IST" skipped="0">
  <testcase classname="AddToCart.DWS_Remove_Product_From_Cart_07_Test" name="RemoveProductFromCart" time="5.237"/>
  <system-out/>
</testsuite> <!-- AddToCart.DWS_Remove_Product_From_Cart_07_Test -->
