<?xml version="1.0" encoding="UTF-8"?>
<!-- Generated by org.testng.reporters.JUnitReportReporter -->
<testsuite hostname="Saba" failures="0" tests="1" name="compareProduct.DWS_Add_Products_From_CompareList_03_Test" time="6.792" errors="0" timestamp="2023-11-03T19:21:26 IST" skipped="0">
  <testcase classname="compareProduct.DWS_Add_Products_From_CompareList_03_Test" name="compare_products_From_compare_list" time="6.792"/>
  <system-out/>
</testsuite> <!-- compareProduct.DWS_Add_Products_From_CompareList_03_Test -->
