<?xml version="1.0" encoding="UTF-8"?>
<!-- Generated by org.testng.reporters.JUnitReportReporter -->
<testsuite hostname="Saba" failures="0" tests="1" name="WishList.DWS_Add_Product_Into_Wishlist_09" time="4.346" errors="0" timestamp="2023-11-03T09:39:56 IST" skipped="0">
  <testcase classname="WishList.DWS_Add_Product_Into_Wishlist_09" name="AddProductIntoWishlist" time="4.346"/>
  <system-out/>
</testsuite> <!-- WishList.DWS_Add_Product_Into_Wishlist_09 -->
