<?xml version="1.0" encoding="UTF-8"?>
<!-- Generated by org.testng.reporters.JUnitReportReporter -->
<testsuite hostname="Saba" failures="0" tests="1" name="WishList.DWS_Remove_Product_From_WishList_10" time="5.443" errors="0" timestamp="2023-11-03T10:27:38 IST" skipped="0">
  <testcase classname="WishList.DWS_Remove_Product_From_WishList_10" name="removeProduct" time="5.443"/>
  <system-out/>
</testsuite> <!-- WishList.DWS_Remove_Product_From_WishList_10 -->
