<?xml version="1.0" encoding="UTF-8"?>
<!-- Generated by org.testng.reporters.JUnitReportReporter -->
<testsuite hostname="Saba" failures="0" tests="1" name="compareProduct.DWS_Compare_products_04_Test" time="7.790" errors="0" timestamp="2023-11-02T13:45:34 IST" skipped="0">
  <testcase classname="compareProduct.DWS_Compare_products_04_Test" name="compare_products_From_compare_list" time="7.790"/>
  <system-out/>
</testsuite> <!-- compareProduct.DWS_Compare_products_04_Test -->
