<?xml version="1.0" encoding="UTF-8"?>
<!-- Generated by org.testng.reporters.JUnitReportReporter -->
<testsuite hostname="Saba" failures="0" tests="1" name="emailSend.DWS_Email_Send_10_Test" time="4.665" errors="0" timestamp="2023-11-03T23:50:25 IST" skipped="0">
  <testcase classname="emailSend.DWS_Email_Send_10_Test" name="emailSend" time="4.665"/>
  <system-out/>
</testsuite> <!-- emailSend.DWS_Email_Send_10_Test -->
