<?xml version="1.0" encoding="UTF-8"?>
<!-- Generated by org.testng.reporters.JUnitReportReporter -->
<testsuite hostname="Saba" failures="0" tests="1" name="WishList.DWS_Add_Product_Into_Wishlist_08_Test" time="4.374" errors="0" timestamp="2023-11-08T12:35:51 IST" skipped="0">
  <testcase classname="WishList.DWS_Add_Product_Into_Wishlist_08_Test" name="AddProductIntoWishlist" time="4.374"/>
  <system-out/>
</testsuite> <!-- WishList.DWS_Add_Product_Into_Wishlist_08_Test -->
