<?xml version="1.0" encoding="UTF-8"?>
<!-- Generated by org.testng.reporters.JUnitReportReporter -->
<testsuite hostname="Saba" failures="0" tests="1" name="AddToCart.DWS_Remove_Product_From_Cart_08" time="10.939" errors="0" timestamp="2023-11-03T00:55:28 IST" skipped="0">
  <testcase classname="AddToCart.DWS_Remove_Product_From_Cart_08" name="RemoveProductFromCart" time="10.939"/>
  <system-out/>
</testsuite> <!-- AddToCart.DWS_Remove_Product_From_Cart_08 -->
