<?xml version="1.0" encoding="UTF-8"?>
<!-- Generated by org.testng.reporters.JUnitReportReporter -->
<testsuite hostname="Saba" failures="0" tests="1" name="AddToCart.DWS_Add_Product_Into_Cart_06_Test" time="18.849" errors="0" timestamp="2023-11-03T21:45:23 IST" skipped="0">
  <testcase classname="AddToCart.DWS_Add_Product_Into_Cart_06_Test" name="addToCart" time="18.849"/>
  <system-out/>
</testsuite> <!-- AddToCart.DWS_Add_Product_Into_Cart_06_Test -->
