<?xml version="1.0" encoding="UTF-8"?>
<!-- Generated by org.testng.reporters.JUnitReportReporter -->
<testsuite hostname="Saba" failures="0" tests="2" name="Login.DWS_Login_01_Test" time="2.335" errors="0" timestamp="2023-11-03T13:54:51 IST" skipped="0">
  <testcase classname="Login.DWS_Login_01_Test" name="Login_to_application_with_valid_credentials" time="1.289"/>
  <system-out/>
  <testcase classname="Login.DWS_Login_01_Test" name="Login_to_application_with_valid_credentials" time="1.046"/>
  <system-out/>
</testsuite> <!-- Login.DWS_Login_01_Test -->
